<?xml version="1.0" encoding="UTF-8"?>
<!-- Generated by org.testng.reporters.JUnitXMLReporter -->
<testsuite ignored="0" hostname="DESKTOP-QUHMG70" failures="0" tests="9" name="Test" time="191.792" errors="0" timestamp="2022-07-30T17:14:24 IST">
  <testcase classname="testCases.TC_001_AccountRegistrationPage" name="test_Account_Registration" time="38.469"/>
  <testcase classname="testCases.TC_002_Login" name="test_Login" time="9.425"/>
  <testcase classname="testCases.TC_003_LoginDDT" name="test_LoginDDT" time="9.844"/>
  <testcase classname="testCases.TC_003_LoginDDT" name="test_LoginDDT" time="13.835"/>
  <testcase classname="testCases.TC_003_LoginDDT" name="test_LoginDDT" time="13.324"/>
  <testcase classname="testCases.TC_003_LoginDDT" name="test_LoginDDT" time="13.713"/>
  <testcase classname="testCases.TC_004_Search" name="test_search" time="21.143"/>
  <testcase classname="testCases.TC_005_Forgot_Password" name="test_Forgot_Password" time="24.779"/>
  <testcase classname="testCases.TC_006_AddToCart" name="test_AddToCart" time="16.395"/>
</testsuite> <!-- Test -->
