<?xml version="1.0" encoding="UTF-8"?>
<!-- Generated by org.testng.reporters.JUnitXMLReporter -->
<testsuite ignored="0" hostname="DESKTOP-QUHMG70" failures="0" tests="3" name=" OpenCart Tests(failed)" time="83.97" errors="0" timestamp="2022-07-09T09:52:39 IST">
  <testcase classname="testCases.TC_003_LoginDDT" name="test_LoginDDT" time="27.094"/>
  <testcase classname="testCases.TC_003_LoginDDT" name="test_LoginDDT" time="22.532"/>
  <testcase classname="testCases.TC_003_LoginDDT" name="test_LoginDDT" time="22.576"/>
</testsuite> <!--  OpenCart Tests(failed) -->
