<?xml version="1.0" encoding="UTF-8"?>
<!-- Generated by org.testng.reporters.JUnitXMLReporter -->
<testsuite ignored="1" hostname="DESKTOP-QUHMG70" failures="0" tests="2" name=" OpenCart Tests" time="72.574" errors="0" timestamp="2022-07-11T18:48:31 IST">
  <testcase classname="testCases.TC_001_AccountRegistrationPage" name="test_account_registration" time="32.404"/>
  <testcase classname="testCases.TC_002_Login" name="test_Login" time="10.083"/>
  <testcase classname="testCases.TC_003_LoginDDT" name="test_LoginDDT" time="0.0">
    <ignored/>
  </testcase> <!-- test_LoginDDT -->
</testsuite> <!--  OpenCart Tests -->
