<?xml version="1.0" encoding="UTF-8"?>
<!-- Generated by org.testng.reporters.JUnitXMLReporter -->
<testsuite ignored="0" hostname="DESKTOP-QUHMG70" failures="1" tests="2" name="Test" time="89.124" errors="0" timestamp="2022-07-07T10:31:23 IST">
  <testcase classname="testCases.TC_001_AccountRegistrationPage" name="test_account_registration" time="36.88"/>
  <testcase classname="testCases.TC_002_Login" name="test_Login" time="25.837">
    <failure type="java.lang.AssertionError" message="null">
      <![CDATA[java.lang.AssertionError: null
at testCases.TC_002_Login.test_Login(TC_002_Login.java:62)
at java.base/java.util.ArrayList.forEach(ArrayList.java:1511)
... Removed 29 stack frames]]>
    </failure>
  </testcase> <!-- test_Login -->
</testsuite> <!-- Test -->
