<?xml version="1.0" encoding="UTF-8"?>
<testng-results ignored="1" total="3" passed="2" failed="0" skipped="0">
  <reporter-output>
  </reporter-output>
  <suite started-at="2022-07-18T13:15:23 IST" name="OpenCart Test Suite" finished-at="2022-07-18T13:15:57 IST" duration-ms="33807">
    <groups>
      <group name="regression">
        <method signature="TC_001_AccountRegistrationPage.test_account_registration()[pri:0, instance:testCases.TC_001_AccountRegistrationPage@61862a7f]" name="test_account_registration" class="testCases.TC_001_AccountRegistrationPage"/>
      </group> <!-- regression -->
      <group name="sanity">
        <method signature="TC_002_Login.test_Login()[pri:0, instance:testCases.TC_002_Login@62150f9e]" name="test_Login" class="testCases.TC_002_Login"/>
      </group> <!-- sanity -->
      <group name="master">
        <method signature="TC_001_AccountRegistrationPage.test_account_registration()[pri:0, instance:testCases.TC_001_AccountRegistrationPage@61862a7f]" name="test_account_registration" class="testCases.TC_001_AccountRegistrationPage"/>
        <method signature="TC_002_Login.test_Login()[pri:0, instance:testCases.TC_002_Login@62150f9e]" name="test_Login" class="testCases.TC_002_Login"/>
      </group> <!-- master -->
    </groups>
    <test started-at="2022-07-18T13:15:23 IST" name=" OpenCart Tests" finished-at="2022-07-18T13:15:57 IST" duration-ms="33807">
      <class name="testCases.TC_001_AccountRegistrationPage">
        <test-method is-config="true" signature="setup(java.lang.String)[pri:0, instance:testCases.TC_001_AccountRegistrationPage@61862a7f]" started-at="2022-07-18T13:15:24 IST" name="setup" finished-at="2022-07-18T13:15:33 IST" duration-ms="9223" status="PASS">
          <params>
            <param index="0">
              <value>
                <![CDATA[chrome]]>
              </value>
            </param>
          </params>
          <reporter-output>
          </reporter-output>
        </test-method> <!-- setup -->
        <test-method signature="test_account_registration()[pri:0, instance:testCases.TC_001_AccountRegistrationPage@61862a7f]" started-at="2022-07-18T13:15:33 IST" name="test_account_registration" finished-at="2022-07-18T13:15:44 IST" duration-ms="11461" status="PASS">
          <reporter-output>
          </reporter-output>
        </test-method> <!-- test_account_registration -->
        <test-method is-config="true" signature="tearDown()[pri:0, instance:testCases.TC_001_AccountRegistrationPage@61862a7f]" started-at="2022-07-18T13:15:44 IST" name="tearDown" finished-at="2022-07-18T13:15:45 IST" duration-ms="182" status="PASS">
          <reporter-output>
          </reporter-output>
        </test-method> <!-- tearDown -->
      </class> <!-- testCases.TC_001_AccountRegistrationPage -->
      <class name="testCases.TC_002_Login">
        <test-method is-config="true" signature="setup(java.lang.String)[pri:0, instance:testCases.TC_002_Login@62150f9e]" started-at="2022-07-18T13:15:45 IST" name="setup" finished-at="2022-07-18T13:15:49 IST" duration-ms="4622" status="PASS">
          <params>
            <param index="0">
              <value>
                <![CDATA[chrome]]>
              </value>
            </param>
          </params>
          <reporter-output>
          </reporter-output>
        </test-method> <!-- setup -->
        <test-method signature="test_Login()[pri:0, instance:testCases.TC_002_Login@62150f9e]" started-at="2022-07-18T13:15:49 IST" name="test_Login" finished-at="2022-07-18T13:15:57 IST" duration-ms="7529" status="PASS">
          <reporter-output>
          </reporter-output>
        </test-method> <!-- test_Login -->
        <test-method is-config="true" signature="tearDown()[pri:0, instance:testCases.TC_002_Login@62150f9e]" started-at="2022-07-18T13:15:57 IST" name="tearDown" finished-at="2022-07-18T13:15:57 IST" duration-ms="219" status="PASS">
          <reporter-output>
          </reporter-output>
        </test-method> <!-- tearDown -->
      </class> <!-- testCases.TC_002_Login -->
    </test> <!--  OpenCart Tests -->
  </suite> <!-- OpenCart Test Suite -->
</testng-results>
