<?xml version="1.0" encoding="UTF-8"?>
<testng-results ignored="1" total="3" passed="2" failed="0" skipped="0">
  <reporter-output>
  </reporter-output>
  <suite started-at="2022-07-14T09:22:04 IST" name="OpenCart Test Suite" finished-at="2022-07-14T09:23:10 IST" duration-ms="66291">
    <groups>
      <group name="regression">
        <method signature="TC_001_AccountRegistrationPage.test_account_registration()[pri:0, instance:testCases.TC_001_AccountRegistrationPage@3527942a]" name="test_account_registration" class="testCases.TC_001_AccountRegistrationPage"/>
      </group> <!-- regression -->
      <group name="sanity">
        <method signature="TC_002_Login.test_Login()[pri:0, instance:testCases.TC_002_Login@5e600dd5]" name="test_Login" class="testCases.TC_002_Login"/>
      </group> <!-- sanity -->
      <group name="master">
        <method signature="TC_001_AccountRegistrationPage.test_account_registration()[pri:0, instance:testCases.TC_001_AccountRegistrationPage@3527942a]" name="test_account_registration" class="testCases.TC_001_AccountRegistrationPage"/>
        <method signature="TC_002_Login.test_Login()[pri:0, instance:testCases.TC_002_Login@5e600dd5]" name="test_Login" class="testCases.TC_002_Login"/>
      </group> <!-- master -->
    </groups>
    <test started-at="2022-07-14T09:22:04 IST" name=" OpenCart Tests" finished-at="2022-07-14T09:23:10 IST" duration-ms="66291">
      <class name="testCases.TC_001_AccountRegistrationPage">
        <test-method is-config="true" signature="setup(java.lang.String)[pri:0, instance:testCases.TC_001_AccountRegistrationPage@3527942a]" started-at="2022-07-14T09:22:04 IST" name="setup" finished-at="2022-07-14T09:22:11 IST" duration-ms="6884" status="PASS">
          <params>
            <param index="0">
              <value>
                <![CDATA[chrome]]>
              </value>
            </param>
          </params>
          <reporter-output>
          </reporter-output>
        </test-method> <!-- setup -->
        <test-method signature="test_account_registration()[pri:0, instance:testCases.TC_001_AccountRegistrationPage@3527942a]" started-at="2022-07-14T09:22:11 IST" name="test_account_registration" finished-at="2022-07-14T09:22:47 IST" duration-ms="35784" status="PASS">
          <reporter-output>
          </reporter-output>
        </test-method> <!-- test_account_registration -->
        <test-method is-config="true" signature="tearDown()[pri:0, instance:testCases.TC_001_AccountRegistrationPage@3527942a]" started-at="2022-07-14T09:22:47 IST" name="tearDown" finished-at="2022-07-14T09:22:47 IST" duration-ms="197" status="PASS">
          <reporter-output>
          </reporter-output>
        </test-method> <!-- tearDown -->
      </class> <!-- testCases.TC_001_AccountRegistrationPage -->
      <class name="testCases.TC_002_Login">
        <test-method is-config="true" signature="setup(java.lang.String)[pri:0, instance:testCases.TC_002_Login@5e600dd5]" started-at="2022-07-14T09:22:47 IST" name="setup" finished-at="2022-07-14T09:22:51 IST" duration-ms="4419" status="PASS">
          <params>
            <param index="0">
              <value>
                <![CDATA[chrome]]>
              </value>
            </param>
          </params>
          <reporter-output>
          </reporter-output>
        </test-method> <!-- setup -->
        <test-method signature="test_Login()[pri:0, instance:testCases.TC_002_Login@5e600dd5]" started-at="2022-07-14T09:22:51 IST" name="test_Login" finished-at="2022-07-14T09:23:10 IST" duration-ms="18284" status="PASS">
          <reporter-output>
          </reporter-output>
        </test-method> <!-- test_Login -->
        <test-method is-config="true" signature="tearDown()[pri:0, instance:testCases.TC_002_Login@5e600dd5]" started-at="2022-07-14T09:23:10 IST" name="tearDown" finished-at="2022-07-14T09:23:10 IST" duration-ms="148" status="PASS">
          <reporter-output>
          </reporter-output>
        </test-method> <!-- tearDown -->
      </class> <!-- testCases.TC_002_Login -->
    </test> <!--  OpenCart Tests -->
  </suite> <!-- OpenCart Test Suite -->
</testng-results>
