<?xml version="1.0" encoding="UTF-8"?>
<testng-results ignored="0" total="6" passed="6" failed="0" skipped="0">
  <reporter-output>
  </reporter-output>
  <suite started-at="2022-07-11T19:00:33 IST" name="opencartSuite" finished-at="2022-07-11T19:02:35 IST" duration-ms="122461">
    <groups>
      <group name="ddt">
        <method signature="TC_003_LoginDDT.test_LoginDDT(java.lang.String,java.lang.String,java.lang.String)[pri:0, instance:testCases.TC_003_LoginDDT@f09733f]" name="test_LoginDDT" class="testCases.TC_003_LoginDDT"/>
      </group> <!-- ddt -->
      <group name="regression">
        <method signature="TC_001_AccountRegistrationPage.test_account_registration()[pri:0, instance:testCases.TC_001_AccountRegistrationPage@5677323c]" name="test_account_registration" class="testCases.TC_001_AccountRegistrationPage"/>
      </group> <!-- regression -->
      <group name="sanity">
        <method signature="TC_002_Login.test_Login()[pri:0, instance:testCases.TC_002_Login@4b45a2f5]" name="test_Login" class="testCases.TC_002_Login"/>
      </group> <!-- sanity -->
      <group name="master">
        <method signature="TC_001_AccountRegistrationPage.test_account_registration()[pri:0, instance:testCases.TC_001_AccountRegistrationPage@5677323c]" name="test_account_registration" class="testCases.TC_001_AccountRegistrationPage"/>
        <method signature="TC_002_Login.test_Login()[pri:0, instance:testCases.TC_002_Login@4b45a2f5]" name="test_Login" class="testCases.TC_002_Login"/>
      </group> <!-- master -->
    </groups>
    <test started-at="2022-07-11T19:00:33 IST" name=" OpenCart Tests" finished-at="2022-07-11T19:02:35 IST" duration-ms="122461">
      <class name="testCases.TC_001_AccountRegistrationPage">
        <test-method is-config="true" signature="setup(java.lang.String)[pri:0, instance:testCases.TC_001_AccountRegistrationPage@5677323c]" started-at="2022-07-11T19:00:33 IST" name="setup" finished-at="2022-07-11T19:00:40 IST" duration-ms="6129" status="PASS">
          <params>
            <param index="0">
              <value>
                <![CDATA[chrome]]>
              </value>
            </param>
          </params>
          <reporter-output>
          </reporter-output>
        </test-method> <!-- setup -->
        <test-method signature="test_account_registration()[pri:0, instance:testCases.TC_001_AccountRegistrationPage@5677323c]" started-at="2022-07-11T19:00:40 IST" name="test_account_registration" finished-at="2022-07-11T19:00:52 IST" duration-ms="11994" status="PASS">
          <reporter-output>
          </reporter-output>
        </test-method> <!-- test_account_registration -->
        <test-method is-config="true" signature="tearDown()[pri:0, instance:testCases.TC_001_AccountRegistrationPage@5677323c]" started-at="2022-07-11T19:00:52 IST" name="tearDown" finished-at="2022-07-11T19:00:52 IST" duration-ms="205" status="PASS">
          <reporter-output>
          </reporter-output>
        </test-method> <!-- tearDown -->
      </class> <!-- testCases.TC_001_AccountRegistrationPage -->
      <class name="testCases.TC_002_Login">
        <test-method is-config="true" signature="setup(java.lang.String)[pri:0, instance:testCases.TC_002_Login@4b45a2f5]" started-at="2022-07-11T19:00:52 IST" name="setup" finished-at="2022-07-11T19:00:55 IST" duration-ms="3473" status="PASS">
          <params>
            <param index="0">
              <value>
                <![CDATA[chrome]]>
              </value>
            </param>
          </params>
          <reporter-output>
          </reporter-output>
        </test-method> <!-- setup -->
        <test-method signature="test_Login()[pri:0, instance:testCases.TC_002_Login@4b45a2f5]" started-at="2022-07-11T19:00:55 IST" name="test_Login" finished-at="2022-07-11T19:01:04 IST" duration-ms="8705" status="PASS">
          <reporter-output>
          </reporter-output>
        </test-method> <!-- test_Login -->
        <test-method is-config="true" signature="tearDown()[pri:0, instance:testCases.TC_002_Login@4b45a2f5]" started-at="2022-07-11T19:01:04 IST" name="tearDown" finished-at="2022-07-11T19:01:04 IST" duration-ms="396" status="PASS">
          <reporter-output>
          </reporter-output>
        </test-method> <!-- tearDown -->
      </class> <!-- testCases.TC_002_Login -->
      <class name="testCases.TC_003_LoginDDT">
        <test-method is-config="true" signature="setup(java.lang.String)[pri:0, instance:testCases.TC_003_LoginDDT@f09733f]" started-at="2022-07-11T19:01:04 IST" name="setup" finished-at="2022-07-11T19:01:09 IST" duration-ms="4412" status="PASS">
          <params>
            <param index="0">
              <value>
                <![CDATA[chrome]]>
              </value>
            </param>
          </params>
          <reporter-output>
          </reporter-output>
        </test-method> <!-- setup -->
        <test-method signature="test_LoginDDT(java.lang.String,java.lang.String,java.lang.String)[pri:0, instance:testCases.TC_003_LoginDDT@f09733f]" started-at="2022-07-11T19:01:16 IST" name="test_LoginDDT" data-provider="LoginData" finished-at="2022-07-11T19:01:25 IST" duration-ms="9394" status="PASS">
          <params>
            <param index="0">
              <value>
                <![CDATA[onkarpatil1234@gmail.com]]>
              </value>
            </param>
            <param index="1">
              <value>
                <![CDATA[Onkar@1234]]>
              </value>
            </param>
            <param index="2">
              <value>
                <![CDATA[Valid]]>
              </value>
            </param>
          </params>
          <reporter-output>
          </reporter-output>
        </test-method> <!-- test_LoginDDT -->
        <test-method signature="test_LoginDDT(java.lang.String,java.lang.String,java.lang.String)[pri:0, instance:testCases.TC_003_LoginDDT@f09733f]" started-at="2022-07-11T19:01:25 IST" name="test_LoginDDT" data-provider="LoginData" finished-at="2022-07-11T19:01:49 IST" duration-ms="23507" status="PASS">
          <params>
            <param index="0">
              <value>
                <![CDATA[onkarpatil1234@gmail.com]]>
              </value>
            </param>
            <param index="1">
              <value>
                <![CDATA[Onkar]]>
              </value>
            </param>
            <param index="2">
              <value>
                <![CDATA[Invalid]]>
              </value>
            </param>
          </params>
          <reporter-output>
          </reporter-output>
        </test-method> <!-- test_LoginDDT -->
        <test-method signature="test_LoginDDT(java.lang.String,java.lang.String,java.lang.String)[pri:0, instance:testCases.TC_003_LoginDDT@f09733f]" started-at="2022-07-11T19:01:49 IST" name="test_LoginDDT" data-provider="LoginData" finished-at="2022-07-11T19:02:12 IST" duration-ms="22849" status="PASS">
          <params>
            <param index="0">
              <value>
                <![CDATA[onkarpatil@gmail.com]]>
              </value>
            </param>
            <param index="1">
              <value>
                <![CDATA[Onkar@1234]]>
              </value>
            </param>
            <param index="2">
              <value>
                <![CDATA[Invalid]]>
              </value>
            </param>
          </params>
          <reporter-output>
          </reporter-output>
        </test-method> <!-- test_LoginDDT -->
        <test-method signature="test_LoginDDT(java.lang.String,java.lang.String,java.lang.String)[pri:0, instance:testCases.TC_003_LoginDDT@f09733f]" started-at="2022-07-11T19:02:12 IST" name="test_LoginDDT" data-provider="LoginData" finished-at="2022-07-11T19:02:35 IST" duration-ms="23269" status="PASS">
          <params>
            <param index="0">
              <value>
                <![CDATA[onkarpatil@gmail.com]]>
              </value>
            </param>
            <param index="1">
              <value>
                <![CDATA[Onkar]]>
              </value>
            </param>
            <param index="2">
              <value>
                <![CDATA[Invalid]]>
              </value>
            </param>
          </params>
          <reporter-output>
          </reporter-output>
        </test-method> <!-- test_LoginDDT -->
        <test-method is-config="true" signature="tearDown()[pri:0, instance:testCases.TC_003_LoginDDT@f09733f]" started-at="2022-07-11T19:02:35 IST" name="tearDown" finished-at="2022-07-11T19:02:35 IST" duration-ms="277" status="PASS">
          <reporter-output>
          </reporter-output>
        </test-method> <!-- tearDown -->
      </class> <!-- testCases.TC_003_LoginDDT -->
    </test> <!--  OpenCart Tests -->
  </suite> <!-- opencartSuite -->
</testng-results>
