<?xml version="1.0" encoding="UTF-8"?>
<!-- Generated by org.testng.reporters.JUnitXMLReporter -->
<testsuite ignored="0" hostname="DESKTOP-QUHMG70" failures="0" tests="6" name=" OpenCart Tests" time="122.461" errors="0" timestamp="2022-07-11T19:02:35 IST">
  <testcase classname="testCases.TC_001_AccountRegistrationPage" name="test_account_registration" time="11.994"/>
  <testcase classname="testCases.TC_002_Login" name="test_Login" time="8.705"/>
  <testcase classname="testCases.TC_003_LoginDDT" name="test_LoginDDT" time="9.394"/>
  <testcase classname="testCases.TC_003_LoginDDT" name="test_LoginDDT" time="23.507"/>
  <testcase classname="testCases.TC_003_LoginDDT" name="test_LoginDDT" time="22.849"/>
  <testcase classname="testCases.TC_003_LoginDDT" name="test_LoginDDT" time="23.269"/>
</testsuite> <!--  OpenCart Tests -->
