<?xml version="1.0" encoding="UTF-8"?>
<!-- Generated by org.testng.reporters.JUnitXMLReporter -->
<testsuite ignored="0" hostname="DESKTOP-QUHMG70" failures="0" tests="6" name=" OpenCart Tests" time="133.236" errors="0" timestamp="2022-07-16T20:53:28 IST">
  <testcase classname="testCases.TC_001_AccountRegistrationPage" name="test_account_registration" time="13.821"/>
  <testcase classname="testCases.TC_002_Login" name="test_Login" time="9.889"/>
  <testcase classname="testCases.TC_003_LoginDDT" name="test_LoginDDT" time="9.03"/>
  <testcase classname="testCases.TC_003_LoginDDT" name="test_LoginDDT" time="22.981"/>
  <testcase classname="testCases.TC_003_LoginDDT" name="test_LoginDDT" time="24.508"/>
  <testcase classname="testCases.TC_003_LoginDDT" name="test_LoginDDT" time="24.24"/>
</testsuite> <!--  OpenCart Tests -->
